D => 18/05/2023 16:42:54 -> test disconnected from ::1
D => 18/05/2023 16:46:56 -> test disconnected from ::1
D => 18/05/2023 16:47:06 -> test disconnected from ::1
D => 18/05/2023 16:48:15 -> test disconnected from ::1
D => 18/05/2023 16:49:15 -> test disconnected from ::1
D => 18/05/2023 16:52:52 -> test disconnected from ::1
D => 18/05/2023 16:54:08 -> test disconnected from ::1
D => 18/05/2023 17:01:56 -> bob disconnected from ::1
C => 18/05/2023 17:02:04 -> bob logged in from ::1 with session : 5em0500484pkun3075ks5sfoce
D => 18/05/2023 17:04:47 -> bob disconnected from ::1
C => 18/05/2023 17:04:55 -> bob logged in from ::1 with session : 5em0500484pkun3075ks5sfoce
D => 18/05/2023 17:06:46 -> bob disconnected from ::1
C => 18/05/2023 17:06:53 -> bob logged in from ::1 with session : 5em0500484pkun3075ks5sfoce
D => 18/05/2023 17:07:15 -> bob disconnected from ::1
D => 18/05/2023 17:08:45 -> bob disconnected from ::1
C => 18/05/2023 17:08:48 -> bob logged in from ::1 with session : 5em0500484pkun3075ks5sfoce
C => 18/05/2023 17:09:12 -> bob logged in from ::1 with session : 5em0500484pkun3075ks5sfoce
C => 18/05/2023 17:11:52 -> bob logged in from ::1 with session : 5em0500484pkun3075ks5sfoce
C => 18/05/2023 17:12:40 -> bob logged in from ::1 with session : 5em0500484pkun3075ks5sfoce
C => 18/05/2023 17:14:15 -> bob logged in from ::1 with session : 5em0500484pkun3075ks5sfoce
C => 18/05/2023 17:14:32 -> bob logged in from ::1 with session : 5em0500484pkun3075ks5sfoce
C => 18/05/2023 17:14:49 -> bob logged in from ::1 with session : 5em0500484pkun3075ks5sfoce
C => 18/05/2023 17:15:11 -> bob logged in from ::1 with session : 5em0500484pkun3075ks5sfoce
D => 18/05/2023 17:15:44 -> bob disconnected from ::1
C => 18/05/2023 17:38:11 -> bob logged in from ::1 with session : 5em0500484pkun3075ks5sfoce
D => 18/05/2023 17:44:04 -> bob disconnected from ::1
C => 18/05/2023 17:45:32 -> bob logged in from ::1 with session : 5em0500484pkun3075ks5sfoce
D => 18/05/2023 18:01:02 -> bob disconnected from ::1
C => 18/05/2023 18:01:07 -> bob logged in from ::1 with session : 5em0500484pkun3075ks5sfoce
C => 18/05/2023 21:27:23 -> bob logged in from 127.0.0.1 with session : uo9dr15bo9j62avnbgsbfvluob
D => 18/05/2023 21:33:45 -> bob disconnected from 127.0.0.1
C => 18/05/2023 21:34:29 -> admin registered from 127.0.0.1
D => 18/05/2023 21:36:04 -> admin disconnected from 127.0.0.1
C => 18/05/2023 21:36:08 -> admin logged in from 127.0.0.1 with session : uo9dr15bo9j62avnbgsbfvluob
